[debug] [2022-03-05T11:52:08.818Z] ----------------------------------------------------------------------
[debug] [2022-03-05T11:52:08.821Z] Command:       C:\Program Files\nodejs\node.exe C:\Users\TOSHIBA\AppData\Roaming\npm\node_modules\firebase-tools\lib\bin\firebase.js init
[debug] [2022-03-05T11:52:08.821Z] CLI Version:   10.2.2
[debug] [2022-03-05T11:52:08.821Z] Platform:      win32
[debug] [2022-03-05T11:52:08.822Z] Node Version:  v16.14.0
[debug] [2022-03-05T11:52:08.826Z] Time:          Sat Mar 05 2022 13:52:08 GMT+0200 (Eastern European Standard Time)
[debug] [2022-03-05T11:52:08.826Z] ----------------------------------------------------------------------
[debug] 
[debug] [2022-03-05T11:52:08.946Z] > command requires scopes: ["email","openid","https://www.googleapis.com/auth/cloudplatformprojects.readonly","https://www.googleapis.com/auth/firebase","https://www.googleapis.com/auth/cloud-platform"]
[debug] [2022-03-05T11:52:08.947Z] > authorizing via signed-in user (engmohammeds2000@gmail.com)
[info] 
     ######## #### ########  ######## ########     ###     ######  ########
     ##        ##  ##     ## ##       ##     ##  ##   ##  ##       ##
     ######    ##  ########  ######   ########  #########  ######  ######
     ##        ##  ##    ##  ##       ##     ## ##     ##       ## ##
     ##       #### ##     ## ######## ########  ##     ##  ######  ########

You're about to initialize a Firebase project in this directory:

  C:\Users\TOSHIBA\Desktop\mohammed\portofolieo

Before we get started, keep in mind:

  * You are initializing within an existing Firebase project directory

[info] 
=== Project Setup
[info] 
[info] First, let's associate this project directory with a Firebase project.
[info] You can create multiple project aliases by running firebase use --add, 
[info] but for now we'll just set up a default project.
[info] 
[debug] [2022-03-05T11:52:15.552Z] Using project from CLI flag: myapplication-7d517
[debug] [2022-03-05T11:52:15.557Z] >>> [apiv2][query] GET https://firebase.googleapis.com/v1beta1/projects/myapplication-7d517 [none]
[debug] [2022-03-05T11:52:16.094Z] <<< [apiv2][status] GET https://firebase.googleapis.com/v1beta1/projects/myapplication-7d517 403
[debug] [2022-03-05T11:52:16.094Z] <<< [apiv2][body] GET https://firebase.googleapis.com/v1beta1/projects/myapplication-7d517 {"error":{"code":403,"message":"The caller does not have permission","status":"PERMISSION_DENIED"}}
[debug] [2022-03-05T11:52:16.095Z] HTTP Error: 403, The caller does not have permission
[debug] [2022-03-05T11:52:16.408Z] FirebaseError: HTTP Error: 403, The caller does not have permission
    at module.exports (C:\Users\TOSHIBA\AppData\Roaming\npm\node_modules\firebase-tools\lib\responseToError.js:47:12)
    at RetryOperation._fn (C:\Users\TOSHIBA\AppData\Roaming\npm\node_modules\firebase-tools\lib\apiv2.js:286:39)
    at processTicksAndRejections (node:internal/process/task_queues:96:5)
[error] 
[error] Error: Failed to get Firebase project myapplication-7d517. Please make sure the project exists and your account has permission to access it.
[debug] [2022-03-05T11:52:26.116Z] ----------------------------------------------------------------------
[debug] [2022-03-05T11:52:26.119Z] Command:       C:\Program Files\nodejs\node.exe C:\Users\TOSHIBA\AppData\Roaming\npm\node_modules\firebase-tools\lib\bin\firebase.js init
[debug] [2022-03-05T11:52:26.119Z] CLI Version:   10.2.2
[debug] [2022-03-05T11:52:26.120Z] Platform:      win32
[debug] [2022-03-05T11:52:26.120Z] Node Version:  v16.14.0
[debug] [2022-03-05T11:52:26.121Z] Time:          Sat Mar 05 2022 13:52:26 GMT+0200 (Eastern European Standard Time)
[debug] [2022-03-05T11:52:26.122Z] ----------------------------------------------------------------------
[debug] 
[debug] [2022-03-05T11:52:26.212Z] > command requires scopes: ["email","openid","https://www.googleapis.com/auth/cloudplatformprojects.readonly","https://www.googleapis.com/auth/firebase","https://www.googleapis.com/auth/cloud-platform"]
[debug] [2022-03-05T11:52:26.213Z] > authorizing via signed-in user (engmohammeds2000@gmail.com)
[info] 
     ######## #### ########  ######## ########     ###     ######  ########
     ##        ##  ##     ## ##       ##     ##  ##   ##  ##       ##
     ######    ##  ########  ######   ########  #########  ######  ######
     ##        ##  ##    ##  ##       ##     ## ##     ##       ## ##
     ##       #### ##     ## ######## ########  ##     ##  ######  ########

You're about to initialize a Firebase project in this directory:

  C:\Users\TOSHIBA\Desktop\mohammed\portofolieo

Before we get started, keep in mind:

  * You are initializing within an existing Firebase project directory

[info] 
=== Project Setup
[info] 
[info] First, let's associate this project directory with a Firebase project.
[info] You can create multiple project aliases by running firebase use --add, 
[info] but for now we'll just set up a default project.
[info] 
[debug] [2022-03-05T11:52:35.400Z] Using project from CLI flag: myapplication-7d517
[debug] [2022-03-05T11:52:35.403Z] >>> [apiv2][query] GET https://firebase.googleapis.com/v1beta1/projects/myapplication-7d517 [none]
[debug] [2022-03-05T11:52:35.985Z] <<< [apiv2][status] GET https://firebase.googleapis.com/v1beta1/projects/myapplication-7d517 403
[debug] [2022-03-05T11:52:35.985Z] <<< [apiv2][body] GET https://firebase.googleapis.com/v1beta1/projects/myapplication-7d517 {"error":{"code":403,"message":"The caller does not have permission","status":"PERMISSION_DENIED"}}
[debug] [2022-03-05T11:52:35.986Z] HTTP Error: 403, The caller does not have permission
[debug] [2022-03-05T11:52:36.294Z] FirebaseError: HTTP Error: 403, The caller does not have permission
    at module.exports (C:\Users\TOSHIBA\AppData\Roaming\npm\node_modules\firebase-tools\lib\responseToError.js:47:12)
    at RetryOperation._fn (C:\Users\TOSHIBA\AppData\Roaming\npm\node_modules\firebase-tools\lib\apiv2.js:286:39)
    at processTicksAndRejections (node:internal/process/task_queues:96:5)
[error] 
[error] Error: Failed to get Firebase project myapplication-7d517. Please make sure the project exists and your account has permission to access it.
